<?xml version="1.0" encoding="UTF-8"?>
<!-- Generated by org.testng.reporters.JUnitReportReporter -->
<testsuite hostname="DESKTOP-BNERN3A" failures="0" tests="1" name="seleniummavenproj.Triggeringprogram" time="1.176" errors="0" timestamp="2024-05-22T22:34:00 AEST" skipped="0">
  <testcase classname="seleniummavenproj.Triggeringprogram" name="test" time="1.176"/>
</testsuite> <!-- seleniummavenproj.Triggeringprogram -->
