<?xml version="1.0" encoding="UTF-8"?>
<!-- Generated by org.testng.reporters.JUnitReportReporter -->
<testsuite hostname="DESKTOP-BNERN3A" failures="0" tests="3" name="seleniummavenproj.TestCases" time="12.337" errors="0" timestamp="2024-05-22T22:34:00 AEST" skipped="0">
  <testcase classname="seleniummavenproj.TestCases" name="fourthtest" time="4.164"/>
  <testcase classname="seleniummavenproj.TestCases" name="fifthtest" time="3.111"/>
  <testcase classname="seleniummavenproj.TestCases" name="sixthtest" time="5.062"/>
</testsuite> <!-- seleniummavenproj.TestCases -->
