<?xml version="1.0" encoding="UTF-8"?>
<!-- Generated by org.testng.reporters.JUnitReportReporter -->
<testsuite hostname="DESKTOP-BNERN3A" failures="0" tests="1" name="seleniummavenproj.TestClass" time="4.076" errors="0" timestamp="2024-05-20T23:45:25 AEST" skipped="0">
  <testcase classname="seleniummavenproj.TestClass" name="test" time="4.076"/>
</testsuite> <!-- seleniummavenproj.TestClass -->
